
-----------START-----------

------ Making dataset tensor ------
Num of train data and label data : 240, 240
Num of valid data and label data : 45, 45
shape of the train & label :  torch.Size([128, 4, 192, 192]) torch.Size([128, 1, 192, 192])
shape of the valid & label :  torch.Size([128, 4, 192, 192]) torch.Size([128, 1, 192, 192])
------ Done ------

device : cuda

------ Hyper Params ------
learning rate: 1.0000e-04
number of epoch: 100
batch size: 32


------ Start Training ------
Train: EPOCH 0001 / 0100 | LOSS -0.4672
Valid: EPOCH 0001 / 0100 | LOSS -0.2469

Train: EPOCH 0002 / 0100 | LOSS -0.9993
Valid: EPOCH 0002 / 0100 | LOSS -0.5400

Train: EPOCH 0003 / 0100 | LOSS -1.4169
Valid: EPOCH 0003 / 0100 | LOSS -0.5862

Train: EPOCH 0004 / 0100 | LOSS -1.6352
Valid: EPOCH 0004 / 0100 | LOSS -0.7399

Train: EPOCH 0005 / 0100 | LOSS -1.7427
Valid: EPOCH 0005 / 0100 | LOSS -0.6601

Train: EPOCH 0006 / 0100 | LOSS -1.7976
Valid: EPOCH 0006 / 0100 | LOSS -0.3918

Train: EPOCH 0007 / 0100 | LOSS -1.8230
Valid: EPOCH 0007 / 0100 | LOSS -0.8356

Train: EPOCH 0008 / 0100 | LOSS -1.8490
Valid: EPOCH 0008 / 0100 | LOSS -0.8824

Train: EPOCH 0009 / 0100 | LOSS -1.8937
Valid: EPOCH 0009 / 0100 | LOSS -0.2035

Train: EPOCH 0010 / 0100 | LOSS -1.9922
Valid: EPOCH 0010 / 0100 | LOSS -0.3353

Train: EPOCH 0011 / 0100 | LOSS -2.0209
Valid: EPOCH 0011 / 0100 | LOSS -0.5092

Train: EPOCH 0012 / 0100 | LOSS -2.0055
Valid: EPOCH 0012 / 0100 | LOSS 0.0370

Train: EPOCH 0013 / 0100 | LOSS -2.0559
Valid: EPOCH 0013 / 0100 | LOSS -0.0522

Train: EPOCH 0014 / 0100 | LOSS -2.0428
Valid: EPOCH 0014 / 0100 | LOSS -0.4390

Train: EPOCH 0015 / 0100 | LOSS -2.0647
Valid: EPOCH 0015 / 0100 | LOSS -0.0671

Train: EPOCH 0016 / 0100 | LOSS -2.0807
Valid: EPOCH 0016 / 0100 | LOSS -0.4148

Train: EPOCH 0017 / 0100 | LOSS -2.1006
Valid: EPOCH 0017 / 0100 | LOSS -0.3121

Train: EPOCH 0018 / 0100 | LOSS -2.1058
Valid: EPOCH 0018 / 0100 | LOSS -0.1866

Train: EPOCH 0019 / 0100 | LOSS -2.1267
Valid: EPOCH 0019 / 0100 | LOSS 0.1005

Train: EPOCH 0020 / 0100 | LOSS -2.1367
Valid: EPOCH 0020 / 0100 | LOSS -0.3645

Train: EPOCH 0021 / 0100 | LOSS -2.1332
Valid: EPOCH 0021 / 0100 | LOSS -0.0989

Train: EPOCH 0022 / 0100 | LOSS -2.1371
Valid: EPOCH 0022 / 0100 | LOSS 0.1362

Train: EPOCH 0023 / 0100 | LOSS -2.1897
Valid: EPOCH 0023 / 0100 | LOSS 0.2029

Train: EPOCH 0024 / 0100 | LOSS -2.1759
Valid: EPOCH 0024 / 0100 | LOSS -0.2381

Train: EPOCH 0025 / 0100 | LOSS -2.1987
Valid: EPOCH 0025 / 0100 | LOSS -0.2911

Train: EPOCH 0026 / 0100 | LOSS -2.2025
Valid: EPOCH 0026 / 0100 | LOSS -0.0859

Train: EPOCH 0027 / 0100 | LOSS -2.1904
Valid: EPOCH 0027 / 0100 | LOSS 0.2003

Train: EPOCH 0028 / 0100 | LOSS -2.2048
Valid: EPOCH 0028 / 0100 | LOSS 0.2495

Train: EPOCH 0029 / 0100 | LOSS -2.2234
Valid: EPOCH 0029 / 0100 | LOSS -0.2928

Train: EPOCH 0030 / 0100 | LOSS -2.2458
Valid: EPOCH 0030 / 0100 | LOSS -0.2072

Train: EPOCH 0031 / 0100 | LOSS -2.2223
Valid: EPOCH 0031 / 0100 | LOSS -0.0589

Train: EPOCH 0032 / 0100 | LOSS -2.2357
Valid: EPOCH 0032 / 0100 | LOSS -0.3302

Train: EPOCH 0033 / 0100 | LOSS -2.2506
Valid: EPOCH 0033 / 0100 | LOSS 0.2546

Train: EPOCH 0034 / 0100 | LOSS -2.2488
Valid: EPOCH 0034 / 0100 | LOSS 0.2953

Train: EPOCH 0035 / 0100 | LOSS -2.2455
Valid: EPOCH 0035 / 0100 | LOSS -0.3321

Train: EPOCH 0036 / 0100 | LOSS -2.2372
Valid: EPOCH 0036 / 0100 | LOSS 0.2967

Train: EPOCH 0037 / 0100 | LOSS -2.2578
Valid: EPOCH 0037 / 0100 | LOSS 0.1702

Train: EPOCH 0038 / 0100 | LOSS -2.2601
Valid: EPOCH 0038 / 0100 | LOSS 0.0699

Train: EPOCH 0039 / 0100 | LOSS -2.2461
Valid: EPOCH 0039 / 0100 | LOSS 0.1388

Train: EPOCH 0040 / 0100 | LOSS -2.2816
Valid: EPOCH 0040 / 0100 | LOSS -0.0128

Train: EPOCH 0041 / 0100 | LOSS -2.2714
Valid: EPOCH 0041 / 0100 | LOSS -0.5098

Train: EPOCH 0042 / 0100 | LOSS -2.2630
Valid: EPOCH 0042 / 0100 | LOSS 0.3612

Train: EPOCH 0043 / 0100 | LOSS -2.2698
Valid: EPOCH 0043 / 0100 | LOSS -0.2503

Train: EPOCH 0044 / 0100 | LOSS -2.2646
Valid: EPOCH 0044 / 0100 | LOSS -0.2432

Train: EPOCH 0045 / 0100 | LOSS -2.2738
Valid: EPOCH 0045 / 0100 | LOSS 0.2189

Train: EPOCH 0046 / 0100 | LOSS -2.2791
Valid: EPOCH 0046 / 0100 | LOSS 0.1252

Train: EPOCH 0047 / 0100 | LOSS -2.2825
Valid: EPOCH 0047 / 0100 | LOSS -0.3215

Train: EPOCH 0048 / 0100 | LOSS -2.3029
Valid: EPOCH 0048 / 0100 | LOSS 0.0872

Train: EPOCH 0049 / 0100 | LOSS -2.2985
Valid: EPOCH 0049 / 0100 | LOSS 0.2781

Train: EPOCH 0050 / 0100 | LOSS -2.2822
Valid: EPOCH 0050 / 0100 | LOSS -0.1086

Train: EPOCH 0051 / 0100 | LOSS -2.3066
Valid: EPOCH 0051 / 0100 | LOSS -0.0129

Train: EPOCH 0052 / 0100 | LOSS -2.2954
Valid: EPOCH 0052 / 0100 | LOSS -0.3248

Train: EPOCH 0053 / 0100 | LOSS -2.3045
Valid: EPOCH 0053 / 0100 | LOSS -0.5229

Train: EPOCH 0054 / 0100 | LOSS -2.2982
Valid: EPOCH 0054 / 0100 | LOSS -0.5802

Train: EPOCH 0055 / 0100 | LOSS -2.2929
Valid: EPOCH 0055 / 0100 | LOSS -0.3466

Train: EPOCH 0056 / 0100 | LOSS -2.3022
Valid: EPOCH 0056 / 0100 | LOSS -0.0240

Train: EPOCH 0057 / 0100 | LOSS -2.2972
Valid: EPOCH 0057 / 0100 | LOSS -0.4136

Train: EPOCH 0058 / 0100 | LOSS -2.3081
Valid: EPOCH 0058 / 0100 | LOSS 0.2375

Train: EPOCH 0059 / 0100 | LOSS -2.2994
Valid: EPOCH 0059 / 0100 | LOSS -0.0300

Train: EPOCH 0060 / 0100 | LOSS -2.3101
Valid: EPOCH 0060 / 0100 | LOSS -0.4103

Train: EPOCH 0061 / 0100 | LOSS -2.2856
Valid: EPOCH 0061 / 0100 | LOSS 0.2847

Train: EPOCH 0062 / 0100 | LOSS -2.3178
Valid: EPOCH 0062 / 0100 | LOSS -0.5253

Train: EPOCH 0063 / 0100 | LOSS -2.3023
Valid: EPOCH 0063 / 0100 | LOSS -0.0909

Train: EPOCH 0064 / 0100 | LOSS -2.3178
Valid: EPOCH 0064 / 0100 | LOSS 0.1676

Train: EPOCH 0065 / 0100 | LOSS -2.2936
Valid: EPOCH 0065 / 0100 | LOSS 0.1939

Train: EPOCH 0066 / 0100 | LOSS -2.3260
Valid: EPOCH 0066 / 0100 | LOSS -0.1483

Train: EPOCH 0067 / 0100 | LOSS -2.3136
Valid: EPOCH 0067 / 0100 | LOSS 0.1269

Train: EPOCH 0068 / 0100 | LOSS -2.3152
Valid: EPOCH 0068 / 0100 | LOSS 0.0331

Train: EPOCH 0069 / 0100 | LOSS -2.3282
Valid: EPOCH 0069 / 0100 | LOSS 0.1659

Train: EPOCH 0070 / 0100 | LOSS -2.3218
Valid: EPOCH 0070 / 0100 | LOSS -0.0083

Train: EPOCH 0071 / 0100 | LOSS -2.3257
Valid: EPOCH 0071 / 0100 | LOSS 0.1647

Train: EPOCH 0072 / 0100 | LOSS -2.3306
Valid: EPOCH 0072 / 0100 | LOSS 0.0404

Train: EPOCH 0073 / 0100 | LOSS -2.3166
Valid: EPOCH 0073 / 0100 | LOSS 0.2233

Train: EPOCH 0074 / 0100 | LOSS -2.3138
Valid: EPOCH 0074 / 0100 | LOSS 0.0638

Train: EPOCH 0075 / 0100 | LOSS -2.3118
Valid: EPOCH 0075 / 0100 | LOSS 0.1901

Train: EPOCH 0076 / 0100 | LOSS -2.3278
Valid: EPOCH 0076 / 0100 | LOSS 0.2111

Train: EPOCH 0077 / 0100 | LOSS -2.3275
Valid: EPOCH 0077 / 0100 | LOSS 0.1006

Train: EPOCH 0078 / 0100 | LOSS -2.3302
Valid: EPOCH 0078 / 0100 | LOSS 0.2216

Train: EPOCH 0079 / 0100 | LOSS -2.3211
Valid: EPOCH 0079 / 0100 | LOSS 0.1341

Train: EPOCH 0080 / 0100 | LOSS -2.3327
Valid: EPOCH 0080 / 0100 | LOSS -0.0262

Train: EPOCH 0081 / 0100 | LOSS -2.3207
Valid: EPOCH 0081 / 0100 | LOSS -0.1974

Train: EPOCH 0082 / 0100 | LOSS -2.3350
Valid: EPOCH 0082 / 0100 | LOSS -0.4372

Train: EPOCH 0083 / 0100 | LOSS -2.3277
Valid: EPOCH 0083 / 0100 | LOSS -0.0190

Train: EPOCH 0084 / 0100 | LOSS -2.3297
Valid: EPOCH 0084 / 0100 | LOSS -0.0048

Train: EPOCH 0085 / 0100 | LOSS -2.3141
Valid: EPOCH 0085 / 0100 | LOSS 0.1236

Train: EPOCH 0086 / 0100 | LOSS -2.3589
Valid: EPOCH 0086 / 0100 | LOSS -0.2152

Train: EPOCH 0087 / 0100 | LOSS -2.3251
Valid: EPOCH 0087 / 0100 | LOSS 0.0474

Train: EPOCH 0088 / 0100 | LOSS -2.3578
Valid: EPOCH 0088 / 0100 | LOSS -0.3204

Train: EPOCH 0089 / 0100 | LOSS -2.3463
Valid: EPOCH 0089 / 0100 | LOSS -0.1765

Train: EPOCH 0090 / 0100 | LOSS -2.3300
Valid: EPOCH 0090 / 0100 | LOSS -0.2439

Train: EPOCH 0091 / 0100 | LOSS -2.3348
Valid: EPOCH 0091 / 0100 | LOSS -0.0701

Train: EPOCH 0092 / 0100 | LOSS -2.3464
Valid: EPOCH 0092 / 0100 | LOSS 0.2924

Train: EPOCH 0093 / 0100 | LOSS -2.3368
Valid: EPOCH 0093 / 0100 | LOSS 0.0506

Train: EPOCH 0094 / 0100 | LOSS -2.3383
Valid: EPOCH 0094 / 0100 | LOSS 0.0754

Train: EPOCH 0095 / 0100 | LOSS -2.3481
Valid: EPOCH 0095 / 0100 | LOSS -0.1246

Train: EPOCH 0096 / 0100 | LOSS -2.3494
Valid: EPOCH 0096 / 0100 | LOSS -0.1340

Train: EPOCH 0097 / 0100 | LOSS -2.3381
Valid: EPOCH 0097 / 0100 | LOSS -0.0830

Train: EPOCH 0098 / 0100 | LOSS -2.3456
Valid: EPOCH 0098 / 0100 | LOSS 0.0444

Train: EPOCH 0099 / 0100 | LOSS -2.3363
Valid: EPOCH 0099 / 0100 | LOSS 0.1807

Train: EPOCH 0100 / 0100 | LOSS -2.3396
Valid: EPOCH 0100 / 0100 | LOSS 0.0082

------ Finished Training ------

------------END------------

