
-----------START-----------

------ Making dataset tensor ------
Num of train data and label data : 240, 240
Num of valid data and label data : 45, 45
shape of the train & label :  torch.Size([128, 4, 192, 192]) torch.Size([128, 1, 192, 192])
shape of the valid & label :  torch.Size([128, 4, 192, 192]) torch.Size([128, 1, 192, 192])
------ Done ------

device : cuda

------ Hyper Params ------
learning rate: 1.0000e-04
number of epoch: 100
batch size: 32


------ Start Training ------
Train: EPOCH 0001 / 0100 | LOSS -0.4661
Valid: EPOCH 0001 / 0100 | LOSS -0.2197

Train: EPOCH 0002 / 0100 | LOSS -1.0120
Valid: EPOCH 0002 / 0100 | LOSS -0.3490

Train: EPOCH 0003 / 0100 | LOSS -1.4376
Valid: EPOCH 0003 / 0100 | LOSS -0.3794

Train: EPOCH 0004 / 0100 | LOSS -1.6528
Valid: EPOCH 0004 / 0100 | LOSS -0.6935

Train: EPOCH 0005 / 0100 | LOSS -1.7556
Valid: EPOCH 0005 / 0100 | LOSS -0.6740

Train: EPOCH 0006 / 0100 | LOSS -1.8063
Valid: EPOCH 0006 / 0100 | LOSS -0.6990

Train: EPOCH 0007 / 0100 | LOSS -1.8329
Valid: EPOCH 0007 / 0100 | LOSS -0.5474

Train: EPOCH 0008 / 0100 | LOSS -1.8530
Valid: EPOCH 0008 / 0100 | LOSS -0.4655

Train: EPOCH 0009 / 0100 | LOSS -1.9506
Valid: EPOCH 0009 / 0100 | LOSS 0.1220

Train: EPOCH 0010 / 0100 | LOSS -1.9978
Valid: EPOCH 0010 / 0100 | LOSS 0.3013

Train: EPOCH 0011 / 0100 | LOSS -2.0197
Valid: EPOCH 0011 / 0100 | LOSS 0.3582

Train: EPOCH 0012 / 0100 | LOSS -2.0231
Valid: EPOCH 0012 / 0100 | LOSS -0.4633

Train: EPOCH 0013 / 0100 | LOSS -2.0581
Valid: EPOCH 0013 / 0100 | LOSS 0.2039

Train: EPOCH 0014 / 0100 | LOSS -2.0489
Valid: EPOCH 0014 / 0100 | LOSS 0.3628

Train: EPOCH 0015 / 0100 | LOSS -2.0625
Valid: EPOCH 0015 / 0100 | LOSS 0.2977

Train: EPOCH 0016 / 0100 | LOSS -2.0507
Valid: EPOCH 0016 / 0100 | LOSS 0.4048

Train: EPOCH 0017 / 0100 | LOSS -2.0790
Valid: EPOCH 0017 / 0100 | LOSS 0.2198

Train: EPOCH 0018 / 0100 | LOSS -2.0864
Valid: EPOCH 0018 / 0100 | LOSS 0.3870

Train: EPOCH 0019 / 0100 | LOSS -2.1138
Valid: EPOCH 0019 / 0100 | LOSS -0.1942

Train: EPOCH 0020 / 0100 | LOSS -2.1253
Valid: EPOCH 0020 / 0100 | LOSS -0.1390

Train: EPOCH 0021 / 0100 | LOSS -2.1477
Valid: EPOCH 0021 / 0100 | LOSS 0.3209

Train: EPOCH 0022 / 0100 | LOSS -2.1470
Valid: EPOCH 0022 / 0100 | LOSS -0.0230

Train: EPOCH 0023 / 0100 | LOSS -2.1732
Valid: EPOCH 0023 / 0100 | LOSS -0.0123

Train: EPOCH 0024 / 0100 | LOSS -2.1799
Valid: EPOCH 0024 / 0100 | LOSS 0.3543

Train: EPOCH 0025 / 0100 | LOSS -2.1701
Valid: EPOCH 0025 / 0100 | LOSS 0.2767

Train: EPOCH 0026 / 0100 | LOSS -2.1878
Valid: EPOCH 0026 / 0100 | LOSS 0.0977

Train: EPOCH 0027 / 0100 | LOSS -2.1825
Valid: EPOCH 0027 / 0100 | LOSS 0.2933

Train: EPOCH 0028 / 0100 | LOSS -2.2132
Valid: EPOCH 0028 / 0100 | LOSS 0.4022

Train: EPOCH 0029 / 0100 | LOSS -2.2192
Valid: EPOCH 0029 / 0100 | LOSS 0.3275

Train: EPOCH 0030 / 0100 | LOSS -2.2239
Valid: EPOCH 0030 / 0100 | LOSS 0.3005

Train: EPOCH 0031 / 0100 | LOSS -2.2126
Valid: EPOCH 0031 / 0100 | LOSS 0.3463

Train: EPOCH 0032 / 0100 | LOSS -2.2198
Valid: EPOCH 0032 / 0100 | LOSS 0.0729

Train: EPOCH 0033 / 0100 | LOSS -2.2249
Valid: EPOCH 0033 / 0100 | LOSS 0.2063

Train: EPOCH 0034 / 0100 | LOSS -2.2616
Valid: EPOCH 0034 / 0100 | LOSS 0.2916

Train: EPOCH 0035 / 0100 | LOSS -2.2448
Valid: EPOCH 0035 / 0100 | LOSS 0.3474

Train: EPOCH 0036 / 0100 | LOSS -2.2701
Valid: EPOCH 0036 / 0100 | LOSS 0.2365

Train: EPOCH 0037 / 0100 | LOSS -2.2489
Valid: EPOCH 0037 / 0100 | LOSS 0.2773

Train: EPOCH 0038 / 0100 | LOSS -2.2536
Valid: EPOCH 0038 / 0100 | LOSS 0.2841

Train: EPOCH 0039 / 0100 | LOSS -2.2370
Valid: EPOCH 0039 / 0100 | LOSS 0.1607

Train: EPOCH 0040 / 0100 | LOSS -2.2682
Valid: EPOCH 0040 / 0100 | LOSS 0.0985

Train: EPOCH 0041 / 0100 | LOSS -2.2831
Valid: EPOCH 0041 / 0100 | LOSS 0.0071

Train: EPOCH 0042 / 0100 | LOSS -2.2898
Valid: EPOCH 0042 / 0100 | LOSS 0.1669

Train: EPOCH 0043 / 0100 | LOSS -2.2568
Valid: EPOCH 0043 / 0100 | LOSS 0.3272

Train: EPOCH 0044 / 0100 | LOSS -2.2836
Valid: EPOCH 0044 / 0100 | LOSS 0.2779

Train: EPOCH 0045 / 0100 | LOSS -2.2732
Valid: EPOCH 0045 / 0100 | LOSS 0.1096

Train: EPOCH 0046 / 0100 | LOSS -2.2931
Valid: EPOCH 0046 / 0100 | LOSS 0.2872

Train: EPOCH 0047 / 0100 | LOSS -2.2685
Valid: EPOCH 0047 / 0100 | LOSS 0.0760

Train: EPOCH 0048 / 0100 | LOSS -2.2847
Valid: EPOCH 0048 / 0100 | LOSS 0.4025

Train: EPOCH 0049 / 0100 | LOSS -2.2847
Valid: EPOCH 0049 / 0100 | LOSS 0.3914

Train: EPOCH 0050 / 0100 | LOSS -2.2938
Valid: EPOCH 0050 / 0100 | LOSS 0.2333

